-------------------------------------------------------------------------------
Test set: swe320.NumberZeroTest
-------------------------------------------------------------------------------
Tests run: 2, Failures: 1, Errors: 0, Skipped: 0, Time elapsed: 0.078 s <<< FAILURE! - in swe320.NumberZeroTest
zeroFirstElement  Time elapsed: 0.051 s  <<< FAILURE!
org.opentest4j.AssertionFailedError: When the first element is zero ==> expected: <1> but was: <0>
	at swe320.NumberZeroTest.zeroFirstElement(NumberZeroTest.java:22)

