-------------------------------------------------------------------------------
Test set: swe320.NumberZeroParameterizedTest
-------------------------------------------------------------------------------
Tests run: 2, Failures: 1, Errors: 0, Skipped: 0, Time elapsed: 0.091 s <<< FAILURE! - in swe320.NumberZeroParameterizedTest
test{int}[2]  Time elapsed: 0.007 s  <<< FAILURE!
org.opentest4j.AssertionFailedError: expected: <1> but was: <0>
	at swe320.NumberZeroParameterizedTest.test(NumberZeroParameterizedTest.java:20)

