<?xml version="1.0" encoding="UTF-8"?>
<testsuite xmlns:xsi="http://www.w3.org/2001/XMLSchema-instance" xsi:noNamespaceSchemaLocation="https://maven.apache.org/surefire/maven-surefire-plugin/xsd/surefire-test-report.xsd" name="swe320.NumberZeroTest" time="0.078" tests="2" errors="0" skipped="0" failures="1">
  <properties>
[...]
</properties>
  <testcase name="zeroFirstElement" classname="swe320.NumberZeroTest" time="0.051">
    <failure message="When the first element is zero ==&gt; expected: &lt;1&gt; but was: &lt;0&gt;" type="org.opentest4j.AssertionFailedError"><![CDATA[org.opentest4j.AssertionFailedError: When the first element is zero ==> expected: <1> but was: <0>
	at swe320.NumberZeroTest.zeroFirstElement(NumberZeroTest.java:22)
]]></failure>
    <system-out><![CDATA[[0, 7, 2]
]]></system-out>
  </testcase>
  <testcase name="nonZeroFirstElement" classname="swe320.NumberZeroTest" time="0.001"/>
</testsuite>